<beans xmlns="http://www.springframework.org/schema/beans"
	xmlns:xsi="http://www.w3.org/2001/XMLSchema-instance"
	xmlns:util="http://www.springframework.org/schema/util"
	xmlns:context="http://www.springframework.org/schema/context"
	xsi:schemaLocation="
		http://www.springframework.org/schema/beans
		http://www.springframework.org/schema/beans/spring-beans.xsd
		http://www.springframework.org/schema/util
		http://www.springframework.org/schema/util/spring-util.xsd
		http://www.springframework.org/schema/context 
		http://www.springframework.org/schema/context/spring-context.xsd">

    <context:annotation-config />
    <context:component-scan base-package="org.springdata.ehcache.config.service" />
	
    <bean id="cacheManager" class="org.springdata.ehcache.config.CacheManagerFactoryBean">
        <property name="configFile" value="src/test/resources/test-ehcache.xml" />
        <property name="terracottaLicenseFile" value="#{systemProperties['TERRACOTTA_LICENSE_KEY']}" />
    </bean>
    
    <!-- Define Caches  -->
    
    <bean id="TEST_CACHE" class="org.springdata.ehcache.config.EhcacheLookupFactoryBean">
       <property name="cacheManager" ref="cacheManager" />
    </bean>
    
</beans>