<?xml version="1.0" encoding="UTF-8"?>
<ehcache xmlns:xsi="http://www.w3.org/2001/XMLSchema-instance"
	xsi:noNamespaceSchemaLocation="ehcache.xsd" updateCheck="false"
	monitoring="autodetect"
	name="SpringDataCacheManager" >

	<defaultCache 
		maxElementsInMemory="500" 
		>
	</defaultCache>

	<cache
	    name="TEST_CACHE"
		maxElementsInMemory="500"
		timeToLiveSeconds="0"
		>
	</cache>
	
</ehcache>
